<?xml version="1.0" encoding="UTF-8"?>
<testsuite xmlns:xsi="http://www.w3.org/2001/XMLSchema-instance" xsi:noNamespaceSchemaLocation="https://maven.apache.org/surefire/maven-surefire-plugin/xsd/surefire-test-report.xsd" name="SeleniumTest" time="8.143" tests="3" errors="0" skipped="0" failures="0">
  <properties>
[...]
</properties>
  <testcase name="testCaseOne" classname="SeleniumTest" time="3.186"/>
  <testcase name="testCaseThree" classname="SeleniumTest" time="1.574"/>
  <testcase name="testCaseTwo" classname="SeleniumTest" time="1.013"/>
</testsuite>